2020-11-22 10:47:55,710 - SimpleLog4JLogSystem initialized using logfile 'velocity.log'
2020-11-22 10:47:55,710 - ************************************************************** 
2020-11-22 10:47:55,710 - Starting Jakarta Velocity v1.4
2020-11-22 10:47:55,710 - RuntimeInstance initializing.
2020-11-22 10:47:55,710 - Default Properties File: org/apache/velocity/runtime/defaults/velocity.properties
2020-11-22 10:47:55,710 - Trying to use logger class org.apache.velocity.runtime.log.SimpleLog4JLogSystem
2020-11-22 10:47:55,710 - Using logger class org.apache.velocity.runtime.log.SimpleLog4JLogSystem
2020-11-22 10:47:55,711 - Default ResourceManager initializing. (class org.apache.velocity.runtime.resource.ResourceManagerImpl)
2020-11-22 10:47:55,712 - Resource Loader Instantiated: org.apache.velocity.runtime.resource.loader.ClasspathResourceLoader
2020-11-22 10:47:55,712 - ClasspathResourceLoader : initialization starting.
2020-11-22 10:47:55,712 - ClasspathResourceLoader : initialization complete.
2020-11-22 10:47:55,712 - ResourceCache : initialized. (class org.apache.velocity.runtime.resource.ResourceCacheImpl)
2020-11-22 10:47:55,712 - Default ResourceManager initialization complete.
2020-11-22 10:47:55,713 - Loaded System Directive: org.apache.velocity.runtime.directive.Literal
2020-11-22 10:47:55,713 - Loaded System Directive: org.apache.velocity.runtime.directive.Macro
2020-11-22 10:47:55,714 - Loaded System Directive: org.apache.velocity.runtime.directive.Parse
2020-11-22 10:47:55,714 - Loaded System Directive: org.apache.velocity.runtime.directive.Include
2020-11-22 10:47:55,715 - Loaded System Directive: org.apache.velocity.runtime.directive.Foreach
2020-11-22 10:47:55,725 - Created: 20 parsers.
2020-11-22 10:47:55,727 - Velocimacro : initialization starting.
2020-11-22 10:47:55,727 - Velocimacro : adding VMs from VM library template : VM_global_library.vm
2020-11-22 10:47:55,728 - ResourceManager : unable to find resource 'VM_global_library.vm' in any resource loader.
2020-11-22 10:47:55,728 - Velocimacro : error using  VM library template VM_global_library.vm : org.apache.velocity.exception.ResourceNotFoundException: Unable to find resource 'VM_global_library.vm'
2020-11-22 10:47:55,728 - Velocimacro :  VM library template macro registration complete.
2020-11-22 10:47:55,728 - Velocimacro : allowInline = true : VMs can be defined inline in templates
2020-11-22 10:47:55,728 - Velocimacro : allowInlineToOverride = false : VMs defined inline may NOT replace previous VM definitions
2020-11-22 10:47:55,728 - Velocimacro : allowInlineLocal = false : VMs defined inline will be  global in scope if allowed.
2020-11-22 10:47:55,728 - Velocimacro : messages on  : VM system will output logging messages
2020-11-22 10:47:55,728 - Velocimacro : autoload off  : VM system will not automatically reload global library macros
2020-11-22 10:47:55,728 - Velocimacro : initialization complete.
2020-11-22 10:47:55,728 - Velocity successfully started.
2020-11-22 10:48:39,823 - ResourceManager : found repast/simphony/parameter/parameters.vt with loader org.apache.velocity.runtime.resource.loader.ClasspathResourceLoader
2020-11-22 10:48:59,731 - ResourceManager : found repast/simphony/parameter/parameters.vt with loader org.apache.velocity.runtime.resource.loader.ClasspathResourceLoader
2020-11-22 10:49:39,713 - ResourceManager : found repast/simphony/parameter/parameters.vt with loader org.apache.velocity.runtime.resource.loader.ClasspathResourceLoader
2020-11-22 10:50:03,235 - ResourceManager : found repast/simphony/parameter/parameters.vt with loader org.apache.velocity.runtime.resource.loader.ClasspathResourceLoader
2020-11-22 10:50:18,887 - ResourceManager : found repast/simphony/parameter/parameters.vt with loader org.apache.velocity.runtime.resource.loader.ClasspathResourceLoader
2020-11-22 10:50:51,920 - ResourceManager : found repast/simphony/scenario/Scenario.vt with loader org.apache.velocity.runtime.resource.loader.ClasspathResourceLoader
2020-11-22 10:50:52,093 - ResourceManager : found repast/simphony/scenario/Scenario.vt with loader org.apache.velocity.runtime.resource.loader.ClasspathResourceLoader
2020-11-22 10:50:52,267 - ResourceManager : found repast/simphony/scenario/Scenario.vt with loader org.apache.velocity.runtime.resource.loader.ClasspathResourceLoader
2020-11-22 10:52:10,036 - SimpleLog4JLogSystem initialized using logfile 'velocity.log'
2020-11-22 10:52:10,036 - ************************************************************** 
2020-11-22 10:52:10,037 - Starting Jakarta Velocity v1.4
2020-11-22 10:52:10,037 - RuntimeInstance initializing.
2020-11-22 10:52:10,037 - Default Properties File: org/apache/velocity/runtime/defaults/velocity.properties
2020-11-22 10:52:10,037 - Trying to use logger class org.apache.velocity.runtime.log.SimpleLog4JLogSystem
2020-11-22 10:52:10,037 - Using logger class org.apache.velocity.runtime.log.SimpleLog4JLogSystem
2020-11-22 10:52:10,038 - Default ResourceManager initializing. (class org.apache.velocity.runtime.resource.ResourceManagerImpl)
2020-11-22 10:52:10,039 - Resource Loader Instantiated: org.apache.velocity.runtime.resource.loader.ClasspathResourceLoader
2020-11-22 10:52:10,039 - ClasspathResourceLoader : initialization starting.
2020-11-22 10:52:10,039 - ClasspathResourceLoader : initialization complete.
2020-11-22 10:52:10,039 - ResourceCache : initialized. (class org.apache.velocity.runtime.resource.ResourceCacheImpl)
2020-11-22 10:52:10,039 - Default ResourceManager initialization complete.
2020-11-22 10:52:10,040 - Loaded System Directive: org.apache.velocity.runtime.directive.Literal
2020-11-22 10:52:10,041 - Loaded System Directive: org.apache.velocity.runtime.directive.Macro
2020-11-22 10:52:10,042 - Loaded System Directive: org.apache.velocity.runtime.directive.Parse
2020-11-22 10:52:10,042 - Loaded System Directive: org.apache.velocity.runtime.directive.Include
2020-11-22 10:52:10,043 - Loaded System Directive: org.apache.velocity.runtime.directive.Foreach
2020-11-22 10:52:10,059 - Created: 20 parsers.
2020-11-22 10:52:10,061 - Velocimacro : initialization starting.
2020-11-22 10:52:10,062 - Velocimacro : adding VMs from VM library template : VM_global_library.vm
2020-11-22 10:52:10,063 - ResourceManager : unable to find resource 'VM_global_library.vm' in any resource loader.
2020-11-22 10:52:10,063 - Velocimacro : error using  VM library template VM_global_library.vm : org.apache.velocity.exception.ResourceNotFoundException: Unable to find resource 'VM_global_library.vm'
2020-11-22 10:52:10,063 - Velocimacro :  VM library template macro registration complete.
2020-11-22 10:52:10,063 - Velocimacro : allowInline = true : VMs can be defined inline in templates
2020-11-22 10:52:10,063 - Velocimacro : allowInlineToOverride = false : VMs defined inline may NOT replace previous VM definitions
2020-11-22 10:52:10,063 - Velocimacro : allowInlineLocal = false : VMs defined inline will be  global in scope if allowed.
2020-11-22 10:52:10,063 - Velocimacro : messages on  : VM system will output logging messages
2020-11-22 10:52:10,063 - Velocimacro : autoload off  : VM system will not automatically reload global library macros
2020-11-22 10:52:10,063 - Velocimacro : initialization complete.
2020-11-22 10:52:10,063 - Velocity successfully started.
2020-11-22 10:53:14,553 - ResourceManager : found repast/simphony/scenario/Scenario.vt with loader org.apache.velocity.runtime.resource.loader.ClasspathResourceLoader
2020-11-22 10:54:13,262 - SimpleLog4JLogSystem initialized using logfile 'velocity.log'
2020-11-22 10:54:13,262 - ************************************************************** 
2020-11-22 10:54:13,262 - Starting Jakarta Velocity v1.4
2020-11-22 10:54:13,262 - RuntimeInstance initializing.
2020-11-22 10:54:13,262 - Default Properties File: org/apache/velocity/runtime/defaults/velocity.properties
2020-11-22 10:54:13,262 - Trying to use logger class org.apache.velocity.runtime.log.SimpleLog4JLogSystem
2020-11-22 10:54:13,262 - Using logger class org.apache.velocity.runtime.log.SimpleLog4JLogSystem
2020-11-22 10:54:13,263 - Default ResourceManager initializing. (class org.apache.velocity.runtime.resource.ResourceManagerImpl)
2020-11-22 10:54:13,264 - Resource Loader Instantiated: org.apache.velocity.runtime.resource.loader.ClasspathResourceLoader
2020-11-22 10:54:13,264 - ClasspathResourceLoader : initialization starting.
2020-11-22 10:54:13,264 - ClasspathResourceLoader : initialization complete.
2020-11-22 10:54:13,265 - ResourceCache : initialized. (class org.apache.velocity.runtime.resource.ResourceCacheImpl)
2020-11-22 10:54:13,265 - Default ResourceManager initialization complete.
2020-11-22 10:54:13,265 - Loaded System Directive: org.apache.velocity.runtime.directive.Literal
2020-11-22 10:54:13,266 - Loaded System Directive: org.apache.velocity.runtime.directive.Macro
2020-11-22 10:54:13,266 - Loaded System Directive: org.apache.velocity.runtime.directive.Parse
2020-11-22 10:54:13,267 - Loaded System Directive: org.apache.velocity.runtime.directive.Include
2020-11-22 10:54:13,267 - Loaded System Directive: org.apache.velocity.runtime.directive.Foreach
2020-11-22 10:54:13,280 - Created: 20 parsers.
2020-11-22 10:54:13,282 - Velocimacro : initialization starting.
2020-11-22 10:54:13,282 - Velocimacro : adding VMs from VM library template : VM_global_library.vm
2020-11-22 10:54:13,283 - ResourceManager : unable to find resource 'VM_global_library.vm' in any resource loader.
2020-11-22 10:54:13,283 - Velocimacro : error using  VM library template VM_global_library.vm : org.apache.velocity.exception.ResourceNotFoundException: Unable to find resource 'VM_global_library.vm'
2020-11-22 10:54:13,283 - Velocimacro :  VM library template macro registration complete.
2020-11-22 10:54:13,283 - Velocimacro : allowInline = true : VMs can be defined inline in templates
2020-11-22 10:54:13,283 - Velocimacro : allowInlineToOverride = false : VMs defined inline may NOT replace previous VM definitions
2020-11-22 10:54:13,283 - Velocimacro : allowInlineLocal = false : VMs defined inline will be  global in scope if allowed.
2020-11-22 10:54:13,283 - Velocimacro : messages on  : VM system will output logging messages
2020-11-22 10:54:13,283 - Velocimacro : autoload off  : VM system will not automatically reload global library macros
2020-11-22 10:54:13,283 - Velocimacro : initialization complete.
2020-11-22 10:54:13,283 - Velocity successfully started.
